<?xml version="1.0" encoding="UTF-8"?>
<testsuite xmlns:xsi="http://www.w3.org/2001/XMLSchema-instance" xsi:noNamespaceSchemaLocation="https://maven.apache.org/surefire/maven-surefire-plugin/xsd/surefire-test-report-3.0.xsd" version="3.0" name="com.openmrs.runners.Runner" time="28.867" tests="3" errors="0" skipped="0" failures="1">
  <properties>
[...]
</properties>
  <testcase name="validate the successful login process for open mrs" classname="login functionality" time="10.85">
    <failure message="expected:&lt;...pplication/home.page[]&gt; but was:&lt;...pplication/home.page[;jsessionid=339861F1AF85655081B08F8098EF04D0]&gt;" type="org.junit.ComparisonFailure"><![CDATA[org.junit.ComparisonFailure: expected:<...pplication/home.page[]> but was:<...pplication/home.page[;jsessionid=339861F1AF85655081B08F8098EF04D0]>
]]></failure>
    <system-out><![CDATA[
Scenario: validate the successful login process for open mrs                                                &amp#27;[90m# src/test/resources/openmrs/login.feature:3&amp#27;[0m
  &amp#27;[32mGiven &amp#27;[0m&amp#27;[32muser is open mrs user provides their credentials&amp#27;[0m                                                    &amp#27;[90m# com.openmrs.stepDefinitions.StepDefinitions.user_is_open_mrs_user_provides_their_credentials()&amp#27;[0m
  &amp#27;[31mThen &amp#27;[0m&amp#27;[31muser validates title as &amp#27;[0m&amp#27;[31m&amp#27;[1m'Home'&amp#27;[0m&amp#27;[31m and &amp#27;[0m&amp#27;[31m&amp#27;[1m'https://demo.openmrs.org/openmrs/referenceapplication/home.page'&amp#27;[0m &amp#27;[90m# com.openmrs.stepDefinitions.StepDefinitions.user_validates_title_as_and(java.lang.String,java.lang.String)&amp#27;[0m
      &amp#27;[31morg.junit.ComparisonFailure: expected:<...pplication/home.page[]> but was:<...pplication/home.page[;jsessionid=339861F1AF85655081B08F8098EF04D0]>
	at org.junit.Assert.assertEquals(Assert.java:117)
	at org.junit.Assert.assertEquals(Assert.java:146)
	at com.openmrs.stepDefinitions.StepDefinitions.user_validates_title_as_and(StepDefinitions.java:24)
	at ✽.user validates title as 'Home' and 'https://demo.openmrs.org/openmrs/referenceapplication/home.page'(file:///Users/codefish/Downloads/FrameworkFromScratchB18/src/test/resources/openmrs/login.feature:5)
&amp#27;[0m
]]></system-out>
    <system-err><![CDATA[Dec 13, 2023 8:41:38 PM org.openqa.selenium.devtools.CdpVersionFinder findNearestMatch
WARNING: Unable to find an exact match for CDP version 119, returning the closest version; found: 118; Please update to a Selenium version that supports CDP version 119
]]></system-err>
  </testcase>
  <testcase name="negative scenario for open mrs login functionality #1" classname="login functionality" time="8.723">
    <system-out><![CDATA[
Scenario Outline: negative scenario for open mrs login functionality                                      &amp#27;[90m# src/test/resources/openmrs/login.feature:12&amp#27;[0m
  &amp#27;[32mGiven &amp#27;[0m&amp#27;[32muser is open mrs login page and user provides invalid credentials username as &amp#27;[0m&amp#27;[32m&amp#27;[1m'test'&amp#27;[0m&amp#27;[32m and &amp#27;[0m&amp#27;[32m&amp#27;[1m'persas'&amp#27;[0m &amp#27;[90m# com.openmrs.stepDefinitions.StepDefinitions.user_is_open_mrs_login_page_and_user_provides_invalid_credentials_username_as_and(java.lang.String,java.lang.String)&amp#27;[0m
  &amp#27;[32mThen &amp#27;[0m&amp#27;[32muser validates an error message as &amp#27;[0m&amp#27;[32m&amp#27;[1m'Invalid username/password. Please try again.'&amp#27;[0m                  &amp#27;[90m# com.openmrs.stepDefinitions.StepDefinitions.user_validates_an_error_message_as(java.lang.String)&amp#27;[0m
]]></system-out>
    <system-err><![CDATA[Dec 13, 2023 8:41:48 PM org.openqa.selenium.devtools.CdpVersionFinder findNearestMatch
WARNING: Unable to find an exact match for CDP version 119, returning the closest version; found: 118; Please update to a Selenium version that supports CDP version 119
]]></system-err>
  </testcase>
  <testcase name="negative scenario for open mrs login functionality #2" classname="login functionality" time="8.444">
    <system-out><![CDATA[
Scenario Outline: negative scenario for open mrs login functionality                                  &amp#27;[90m# src/test/resources/openmrs/login.feature:13&amp#27;[0m
  &amp#27;[32mGiven &amp#27;[0m&amp#27;[32muser is open mrs login page and user provides invalid credentials username as &amp#27;[0m&amp#27;[32m&amp#27;[1m''&amp#27;[0m&amp#27;[32m and &amp#27;[0m&amp#27;[32m&amp#27;[1m'sjkfsd'&amp#27;[0m &amp#27;[90m# com.openmrs.stepDefinitions.StepDefinitions.user_is_open_mrs_login_page_and_user_provides_invalid_credentials_username_as_and(java.lang.String,java.lang.String)&amp#27;[0m
  &amp#27;[32mThen &amp#27;[0m&amp#27;[32muser validates an error message as &amp#27;[0m&amp#27;[32m&amp#27;[1m'Invalid username/password. Please try again.'&amp#27;[0m              &amp#27;[90m# com.openmrs.stepDefinitions.StepDefinitions.user_validates_an_error_message_as(java.lang.String)&amp#27;[0m
]]></system-out>
    <system-err><![CDATA[Dec 13, 2023 8:41:56 PM org.openqa.selenium.devtools.CdpVersionFinder findNearestMatch
WARNING: Unable to find an exact match for CDP version 119, returning the closest version; found: 118; Please update to a Selenium version that supports CDP version 119
]]></system-err>
  </testcase>
</testsuite>